{"/Users/georgefrancis/Documents/fundev/untitled folder/VBCanvas/src/createContextHistory.js": {"path":"/Users/georgefrancis/Documents/fundev/untitled folder/VBCanvas/src/createContextHistory.js","statementMap":{"0":{"start":{"line":2,"column":16},"end":{"line":2,"column":25}},"1":{"start":{"line":3,"column":17},"end":{"line":3,"column":18}},"2":{"start":{"line":5,"column":2},"end":{"line":20,"column":4}},"3":{"start":{"line":7,"column":6},"end":{"line":7,"column":28}},"4":{"start":{"line":10,"column":6},"end":{"line":10,"column":24}},"5":{"start":{"line":13,"column":6},"end":{"line":13,"column":48}},"6":{"start":{"line":15,"column":6},"end":{"line":15,"column":17}},"7":{"start":{"line":18,"column":6},"end":{"line":18,"column":20}}},"fnMap":{"0":{"name":"createContextHistory","decl":{"start":{"line":1,"column":9},"end":{"line":1,"column":29}},"loc":{"start":{"line":1,"column":32},"end":{"line":21,"column":1}},"line":1},"1":{"name":"(anonymous_1)","decl":{"start":{"line":6,"column":4},"end":{"line":6,"column":5}},"loc":{"start":{"line":6,"column":18},"end":{"line":8,"column":5}},"line":6},"2":{"name":"(anonymous_2)","decl":{"start":{"line":9,"column":4},"end":{"line":9,"column":5}},"loc":{"start":{"line":9,"column":15},"end":{"line":11,"column":5}},"line":9},"3":{"name":"(anonymous_3)","decl":{"start":{"line":12,"column":4},"end":{"line":12,"column":5}},"loc":{"start":{"line":12,"column":27},"end":{"line":16,"column":5}},"line":12},"4":{"name":"(anonymous_4)","decl":{"start":{"line":17,"column":4},"end":{"line":17,"column":5}},"loc":{"start":{"line":17,"column":12},"end":{"line":19,"column":5}},"line":17}},"branchMap":{},"s":{"0":4,"1":4,"2":4,"3":0,"4":0,"5":0,"6":0,"7":0},"f":{"0":4,"1":0,"2":0,"3":0,"4":0},"b":{},"_coverageSchema":"1a1c01bbd47fc00a2c39e90264f33305004495a9","hash":"16a03133f6ee18ea575122e0654ed17cf0fa1125"}
,"/Users/georgefrancis/Documents/fundev/untitled folder/VBCanvas/src/createObservableContext.js": {"path":"/Users/georgefrancis/Documents/fundev/untitled folder/VBCanvas/src/createObservableContext.js","statementMap":{"0":{"start":{"line":2,"column":2},"end":{"line":22,"column":5}},"1":{"start":{"line":4,"column":6},"end":{"line":12,"column":7}},"2":{"start":{"line":5,"column":8},"end":{"line":9,"column":10}},"3":{"start":{"line":6,"column":10},"end":{"line":6,"column":48}},"4":{"start":{"line":8,"column":10},"end":{"line":8,"column":52}},"5":{"start":{"line":11,"column":8},"end":{"line":11,"column":28}},"6":{"start":{"line":15,"column":6},"end":{"line":15,"column":25}},"7":{"start":{"line":17,"column":6},"end":{"line":17,"column":32}},"8":{"start":{"line":20,"column":6},"end":{"line":20,"column":18}}},"fnMap":{"0":{"name":"createObservableContext","decl":{"start":{"line":1,"column":9},"end":{"line":1,"column":32}},"loc":{"start":{"line":1,"column":55},"end":{"line":23,"column":1}},"line":1},"1":{"name":"(anonymous_1)","decl":{"start":{"line":3,"column":4},"end":{"line":3,"column":5}},"loc":{"start":{"line":3,"column":22},"end":{"line":13,"column":5}},"line":3},"2":{"name":"(anonymous_2)","decl":{"start":{"line":5,"column":15},"end":{"line":5,"column":16}},"loc":{"start":{"line":5,"column":27},"end":{"line":9,"column":9}},"line":5},"3":{"name":"(anonymous_3)","decl":{"start":{"line":14,"column":4},"end":{"line":14,"column":5}},"loc":{"start":{"line":14,"column":27},"end":{"line":21,"column":5}},"line":14}},"branchMap":{"0":{"loc":{"start":{"line":4,"column":6},"end":{"line":12,"column":7}},"type":"if","locations":[{"start":{"line":4,"column":6},"end":{"line":12,"column":7}},{"start":{"line":4,"column":6},"end":{"line":12,"column":7}}],"line":4}},"s":{"0":4,"1":0,"2":0,"3":0,"4":0,"5":0,"6":0,"7":0,"8":0},"f":{"0":4,"1":0,"2":0,"3":0},"b":{"0":[0,0]},"_coverageSchema":"1a1c01bbd47fc00a2c39e90264f33305004495a9","hash":"d9bbb8a8cfa588fb7e0826fe46e2e9876944096e"}
,"/Users/georgefrancis/Documents/fundev/untitled folder/VBCanvas/src/defaults.js": {"path":"/Users/georgefrancis/Documents/fundev/untitled folder/VBCanvas/src/defaults.js","statementMap":{},"fnMap":{},"branchMap":{"0":{"loc":{"start":{"line":6,"column":14},"end":{"line":6,"column":42}},"type":"binary-expr","locations":[{"start":{"line":6,"column":14},"end":{"line":6,"column":37}},{"start":{"line":6,"column":41},"end":{"line":6,"column":42}}],"line":6}},"s":{},"f":{},"b":{"0":[1,0]},"_coverageSchema":"1a1c01bbd47fc00a2c39e90264f33305004495a9","hash":"95ce0344b3c5001f0d3a31d7065066b86af7558d"}
,"/Users/georgefrancis/Documents/fundev/untitled folder/VBCanvas/src/domUtils.js": {"path":"/Users/georgefrancis/Documents/fundev/untitled folder/VBCanvas/src/domUtils.js","statementMap":{"0":{"start":{"line":2,"column":2},"end":{"line":6,"column":3}},"1":{"start":{"line":3,"column":4},"end":{"line":3,"column":42}},"2":{"start":{"line":5,"column":4},"end":{"line":5,"column":18}},"3":{"start":{"line":10,"column":13},"end":{"line":10,"column":45}},"4":{"start":{"line":12,"column":2},"end":{"line":12,"column":32}},"5":{"start":{"line":13,"column":2},"end":{"line":13,"column":23}},"6":{"start":{"line":15,"column":2},"end":{"line":15,"column":12}},"7":{"start":{"line":19,"column":2},"end":{"line":19,"column":44}},"8":{"start":{"line":23,"column":2},"end":{"line":23,"column":25}},"9":{"start":{"line":31,"column":2},"end":{"line":31,"column":55}}},"fnMap":{"0":{"name":"resolveTarget","decl":{"start":{"line":1,"column":9},"end":{"line":1,"column":22}},"loc":{"start":{"line":1,"column":31},"end":{"line":7,"column":1}},"line":1},"1":{"name":"createCanvasHTMLElement","decl":{"start":{"line":9,"column":9},"end":{"line":9,"column":32}},"loc":{"start":{"line":9,"column":37},"end":{"line":16,"column":1}},"line":9},"2":{"name":"getCanvasContext","decl":{"start":{"line":18,"column":9},"end":{"line":18,"column":25}},"loc":{"start":{"line":18,"column":45},"end":{"line":20,"column":1}},"line":18},"3":{"name":"mountCanvasToDOM","decl":{"start":{"line":22,"column":9},"end":{"line":22,"column":25}},"loc":{"start":{"line":22,"column":38},"end":{"line":24,"column":1}},"line":22},"4":{"name":"randomID","decl":{"start":{"line":27,"column":9},"end":{"line":27,"column":17}},"loc":{"start":{"line":27,"column":20},"end":{"line":32,"column":1}},"line":27}},"branchMap":{"0":{"loc":{"start":{"line":2,"column":2},"end":{"line":6,"column":3}},"type":"if","locations":[{"start":{"line":2,"column":2},"end":{"line":6,"column":3}},{"start":{"line":2,"column":2},"end":{"line":6,"column":3}}],"line":2}},"s":{"0":4,"1":1,"2":3,"3":4,"4":4,"5":4,"6":4,"7":4,"8":4,"9":4},"f":{"0":4,"1":4,"2":4,"3":4,"4":4},"b":{"0":[1,3]},"_coverageSchema":"1a1c01bbd47fc00a2c39e90264f33305004495a9","hash":"116c862e8ce24df65f1bb587bbc5e35f35d58644"}
,"/Users/georgefrancis/Documents/fundev/untitled folder/VBCanvas/src/index.js": {"path":"/Users/georgefrancis/Documents/fundev/untitled folder/VBCanvas/src/index.js","statementMap":{"0":{"start":{"line":17,"column":0},"end":{"line":17,"column":25}},"1":{"start":{"line":20,"column":2},"end":{"line":20,"column":43}},"2":{"start":{"line":21,"column":2},"end":{"line":21,"column":43}},"3":{"start":{"line":23,"column":19},"end":{"line":23,"column":29}},"4":{"start":{"line":25,"column":18},"end":{"line":25,"column":40}},"5":{"start":{"line":27,"column":28},"end":{"line":27,"column":61}},"6":{"start":{"line":28,"column":27},"end":{"line":28,"column":59}},"7":{"start":{"line":30,"column":22},"end":{"line":30,"column":57}},"8":{"start":{"line":31,"column":28},"end":{"line":36,"column":3}},"9":{"start":{"line":34,"column":6},"end":{"line":34,"column":37}},"10":{"start":{"line":38,"column":2},"end":{"line":38,"column":51}},"11":{"start":{"line":40,"column":17},"end":{"line":48,"column":6}},"12":{"start":{"line":41,"column":4},"end":{"line":48,"column":6}},"13":{"start":{"line":50,"column":2},"end":{"line":50,"column":11}},"14":{"start":{"line":51,"column":2},"end":{"line":51,"column":49}},"15":{"start":{"line":53,"column":2},"end":{"line":56,"column":4}}},"fnMap":{"0":{"name":"createCanvas","decl":{"start":{"line":19,"column":9},"end":{"line":19,"column":21}},"loc":{"start":{"line":19,"column":28},"end":{"line":57,"column":1}},"line":19},"1":{"name":"(anonymous_1)","decl":{"start":{"line":33,"column":4},"end":{"line":33,"column":5}},"loc":{"start":{"line":33,"column":26},"end":{"line":35,"column":5}},"line":33},"2":{"name":"(anonymous_2)","decl":{"start":{"line":40,"column":17},"end":{"line":40,"column":18}},"loc":{"start":{"line":41,"column":4},"end":{"line":48,"column":6}},"line":41}},"branchMap":{"0":{"loc":{"start":{"line":55,"column":9},"end":{"line":55,"column":54}},"type":"cond-expr","locations":[{"start":{"line":55,"column":23},"end":{"line":55,"column":40}},{"start":{"line":55,"column":43},"end":{"line":55,"column":54}}],"line":55}},"s":{"0":1,"1":4,"2":4,"3":4,"4":4,"5":4,"6":4,"7":4,"8":4,"9":0,"10":4,"11":4,"12":4,"13":4,"14":4,"15":4},"f":{"0":4,"1":0,"2":4},"b":{"0":[0,4]},"_coverageSchema":"1a1c01bbd47fc00a2c39e90264f33305004495a9","hash":"0417793244ac95aa6851e04678a506d58070f5d6"}
,"/Users/georgefrancis/Documents/fundev/untitled folder/VBCanvas/src/observeElDimensions.js": {"path":"/Users/georgefrancis/Documents/fundev/untitled folder/VBCanvas/src/observeElDimensions.js","statementMap":{"0":{"start":{"line":5,"column":49},"end":{"line":5,"column":75}},"1":{"start":{"line":7,"column":25},"end":{"line":20,"column":3}},"2":{"start":{"line":9,"column":32},"end":{"line":9,"column":68}},"3":{"start":{"line":13,"column":6},"end":{"line":18,"column":7}},"4":{"start":{"line":14,"column":8},"end":{"line":14,"column":24}},"5":{"start":{"line":16,"column":8},"end":{"line":16,"column":26}},"6":{"start":{"line":17,"column":8},"end":{"line":17,"column":28}},"7":{"start":{"line":22,"column":2},"end":{"line":22,"column":29}}},"fnMap":{"0":{"name":"observeElDimensions","decl":{"start":{"line":4,"column":9},"end":{"line":4,"column":28}},"loc":{"start":{"line":4,"column":43},"end":{"line":23,"column":1}},"line":4},"1":{"name":"(anonymous_1)","decl":{"start":{"line":8,"column":13},"end":{"line":8,"column":14}},"loc":{"start":{"line":8,"column":26},"end":{"line":19,"column":5}},"line":8}},"branchMap":{"0":{"loc":{"start":{"line":13,"column":6},"end":{"line":18,"column":7}},"type":"if","locations":[{"start":{"line":13,"column":6},"end":{"line":18,"column":7}},{"start":{"line":13,"column":6},"end":{"line":18,"column":7}}],"line":13},"1":{"loc":{"start":{"line":13,"column":10},"end":{"line":13,"column":54}},"type":"binary-expr","locations":[{"start":{"line":13,"column":10},"end":{"line":13,"column":29}},{"start":{"line":13,"column":33},"end":{"line":13,"column":54}}],"line":13}},"s":{"0":4,"1":4,"2":0,"3":0,"4":0,"5":0,"6":0,"7":4},"f":{"0":4,"1":0},"b":{"0":[0,0],"1":[0,0]},"_coverageSchema":"1a1c01bbd47fc00a2c39e90264f33305004495a9","hash":"ac89c828a3d4a0d6657389f223130ab0b50f0d20"}
,"/Users/georgefrancis/Documents/fundev/untitled folder/VBCanvas/src/resizeCanvas.js": {"path":"/Users/georgefrancis/Documents/fundev/untitled folder/VBCanvas/src/resizeCanvas.js","statementMap":{"0":{"start":{"line":13,"column":2},"end":{"line":20,"column":5}},"1":{"start":{"line":22,"column":2},"end":{"line":27,"column":5}},"2":{"start":{"line":29,"column":2},"end":{"line":31,"column":3}},"3":{"start":{"line":30,"column":4},"end":{"line":30,"column":45}}},"fnMap":{"0":{"name":"resizeCanvas","decl":{"start":{"line":5,"column":9},"end":{"line":5,"column":21}},"loc":{"start":{"line":12,"column":3},"end":{"line":32,"column":1}},"line":12}},"branchMap":{"0":{"loc":{"start":{"line":29,"column":2},"end":{"line":31,"column":3}},"type":"if","locations":[{"start":{"line":29,"column":2},"end":{"line":31,"column":3}},{"start":{"line":29,"column":2},"end":{"line":31,"column":3}}],"line":29}},"s":{"0":4,"1":4,"2":4,"3":0},"f":{"0":4},"b":{"0":[0,4]},"_coverageSchema":"1a1c01bbd47fc00a2c39e90264f33305004495a9","hash":"8de398bc078e63ec900eb946e4b4fb1572f0bdec"}
,"/Users/georgefrancis/Documents/fundev/untitled folder/VBCanvas/src/restoreFromHistory.js": {"path":"/Users/georgefrancis/Documents/fundev/untitled folder/VBCanvas/src/restoreFromHistory.js","statementMap":{"0":{"start":{"line":2,"column":2},"end":{"line":8,"column":3}},"1":{"start":{"line":3,"column":4},"end":{"line":7,"column":5}},"2":{"start":{"line":4,"column":6},"end":{"line":4,"column":45}},"3":{"start":{"line":6,"column":6},"end":{"line":6,"column":35}}},"fnMap":{"0":{"name":"restoreFromHistory","decl":{"start":{"line":1,"column":9},"end":{"line":1,"column":27}},"loc":{"start":{"line":1,"column":42},"end":{"line":9,"column":1}},"line":1}},"branchMap":{"0":{"loc":{"start":{"line":3,"column":4},"end":{"line":7,"column":5}},"type":"if","locations":[{"start":{"line":3,"column":4},"end":{"line":7,"column":5}},{"start":{"line":3,"column":4},"end":{"line":7,"column":5}}],"line":3}},"s":{"0":0,"1":0,"2":0,"3":0},"f":{"0":0},"b":{"0":[0,0]},"_coverageSchema":"1a1c01bbd47fc00a2c39e90264f33305004495a9","hash":"b53d8a893c90690e2a94db57284a5271672ff01d"}
,"/Users/georgefrancis/Documents/fundev/untitled folder/VBCanvas/src/setCanvasHTMLElementDimensions.js": {"path":"/Users/georgefrancis/Documents/fundev/untitled folder/VBCanvas/src/setCanvasHTMLElementDimensions.js","statementMap":{"0":{"start":{"line":2,"column":16},"end":{"line":2,"column":48}},"1":{"start":{"line":3,"column":32},"end":{"line":3,"column":55}},"2":{"start":{"line":5,"column":2},"end":{"line":5,"column":46}},"3":{"start":{"line":16,"column":2},"end":{"line":23,"column":3}},"4":{"start":{"line":17,"column":4},"end":{"line":17,"column":59}},"5":{"start":{"line":17,"column":34},"end":{"line":17,"column":59}},"6":{"start":{"line":19,"column":4},"end":{"line":22,"column":6}},"7":{"start":{"line":25,"column":28},"end":{"line":25,"column":54}},"8":{"start":{"line":27,"column":2},"end":{"line":27,"column":32}},"9":{"start":{"line":28,"column":2},"end":{"line":28,"column":34}}},"fnMap":{"0":{"name":"calculateHeightFromAspectRatio","decl":{"start":{"line":1,"column":9},"end":{"line":1,"column":39}},"loc":{"start":{"line":1,"column":53},"end":{"line":6,"column":1}},"line":1},"1":{"name":"setCanvasHTMLElementDimensions","decl":{"start":{"line":8,"column":9},"end":{"line":8,"column":39}},"loc":{"start":{"line":15,"column":3},"end":{"line":29,"column":1}},"line":15}},"branchMap":{"0":{"loc":{"start":{"line":16,"column":2},"end":{"line":23,"column":3}},"type":"if","locations":[{"start":{"line":16,"column":2},"end":{"line":23,"column":3}},{"start":{"line":16,"column":2},"end":{"line":23,"column":3}}],"line":16},"1":{"loc":{"start":{"line":17,"column":4},"end":{"line":17,"column":59}},"type":"if","locations":[{"start":{"line":17,"column":4},"end":{"line":17,"column":59}},{"start":{"line":17,"column":4},"end":{"line":17,"column":59}}],"line":17}},"s":{"0":4,"1":4,"2":4,"3":4,"4":4,"5":0,"6":4,"7":4,"8":4,"9":4},"f":{"0":4,"1":4},"b":{"0":[4,0],"1":[0,4]},"_coverageSchema":"1a1c01bbd47fc00a2c39e90264f33305004495a9","hash":"07bd6a572ee6159942ddf6f73d39a03a75d49b53"}
,"/Users/georgefrancis/Documents/fundev/untitled folder/VBCanvas/src/styles.js": {"path":"/Users/georgefrancis/Documents/fundev/untitled folder/VBCanvas/src/styles.js","statementMap":{"0":{"start":{"line":2,"column":2},"end":{"line":2,"column":76}},"1":{"start":{"line":6,"column":25},"end":{"line":6,"column":56}},"2":{"start":{"line":7,"column":17},"end":{"line":7,"column":79}},"3":{"start":{"line":9,"column":2},"end":{"line":9,"column":46}},"4":{"start":{"line":11,"column":2},"end":{"line":11,"column":53}},"5":{"start":{"line":13,"column":2},"end":{"line":16,"column":4}},"6":{"start":{"line":20,"column":27},"end":{"line":20,"column":58}},"7":{"start":{"line":21,"column":17},"end":{"line":21,"column":65}},"8":{"start":{"line":23,"column":2},"end":{"line":23,"column":54}},"9":{"start":{"line":25,"column":2},"end":{"line":25,"column":40}},"10":{"start":{"line":27,"column":2},"end":{"line":27,"column":32}}},"fnMap":{"0":{"name":"insertAfter","decl":{"start":{"line":1,"column":9},"end":{"line":1,"column":20}},"loc":{"start":{"line":1,"column":45},"end":{"line":3,"column":1}},"line":1},"1":{"name":"createBaseCanvasStyles","decl":{"start":{"line":5,"column":9},"end":{"line":5,"column":31}},"loc":{"start":{"line":5,"column":34},"end":{"line":17,"column":1}},"line":5},"2":{"name":"createCanvasStyleSheet","decl":{"start":{"line":19,"column":9},"end":{"line":19,"column":31}},"loc":{"start":{"line":19,"column":36},"end":{"line":28,"column":1}},"line":19}},"branchMap":{"0":{"loc":{"start":{"line":7,"column":17},"end":{"line":7,"column":79}},"type":"binary-expr","locations":[{"start":{"line":7,"column":17},"end":{"line":7,"column":51}},{"start":{"line":7,"column":55},"end":{"line":7,"column":79}}],"line":7}},"s":{"0":4,"1":1,"2":1,"3":1,"4":1,"5":1,"6":4,"7":4,"8":4,"9":4,"10":4},"f":{"0":4,"1":1,"2":4},"b":{"0":[1,1]},"_coverageSchema":"1a1c01bbd47fc00a2c39e90264f33305004495a9","hash":"b572938b8bb53362d2c4ba403da9e028214078ef"}
,"/Users/georgefrancis/Documents/fundev/untitled folder/VBCanvas/src/transformContextMatrix.js": {"path":"/Users/georgefrancis/Documents/fundev/untitled folder/VBCanvas/src/transformContextMatrix.js","statementMap":{"0":{"start":{"line":10,"column":2},"end":{"line":14,"column":3}},"1":{"start":{"line":11,"column":4},"end":{"line":11,"column":65}},"2":{"start":{"line":13,"column":4},"end":{"line":13,"column":65}},"3":{"start":{"line":16,"column":2},"end":{"line":20,"column":4}},"4":{"start":{"line":24,"column":2},"end":{"line":24,"column":45}},"5":{"start":{"line":25,"column":2},"end":{"line":25,"column":46}},"6":{"start":{"line":26,"column":2},"end":{"line":26,"column":13}},"7":{"start":{"line":27,"column":2},"end":{"line":27,"column":18}},"8":{"start":{"line":31,"column":23},"end":{"line":31,"column":33}},"9":{"start":{"line":32,"column":24},"end":{"line":32,"column":34}},"10":{"start":{"line":37,"column":6},"end":{"line":37,"column":40}},"11":{"start":{"line":39,"column":2},"end":{"line":39,"column":28}},"12":{"start":{"line":40,"column":2},"end":{"line":40,"column":29}},"13":{"start":{"line":42,"column":41},"end":{"line":48,"column":3}},"14":{"start":{"line":50,"column":17},"end":{"line":50,"column":40}},"15":{"start":{"line":51,"column":17},"end":{"line":51,"column":42}},"16":{"start":{"line":53,"column":21},"end":{"line":53,"column":71}},"17":{"start":{"line":54,"column":21},"end":{"line":54,"column":73}},"18":{"start":{"line":56,"column":2},"end":{"line":56,"column":65}},"19":{"start":{"line":58,"column":2},"end":{"line":58,"column":44}}},"fnMap":{"0":{"name":"calculateAspectRatio","decl":{"start":{"line":1,"column":9},"end":{"line":1,"column":29}},"loc":{"start":{"line":7,"column":2},"end":{"line":21,"column":1}},"line":7},"1":{"name":"clipCtx","decl":{"start":{"line":23,"column":9},"end":{"line":23,"column":16}},"loc":{"start":{"line":23,"column":51},"end":{"line":28,"column":1}},"line":23},"2":{"name":"transformContextMatrix","decl":{"start":{"line":30,"column":9},"end":{"line":30,"column":31}},"loc":{"start":{"line":30,"column":73},"end":{"line":59,"column":1}},"line":30}},"branchMap":{"0":{"loc":{"start":{"line":10,"column":2},"end":{"line":14,"column":3}},"type":"if","locations":[{"start":{"line":10,"column":2},"end":{"line":14,"column":3}},{"start":{"line":10,"column":2},"end":{"line":14,"column":3}}],"line":10}},"s":{"0":4,"1":4,"2":0,"3":4,"4":4,"5":4,"6":4,"7":4,"8":4,"9":4,"10":4,"11":4,"12":4,"13":4,"14":4,"15":4,"16":4,"17":4,"18":4,"19":4},"f":{"0":4,"1":4,"2":4},"b":{"0":[4,0]},"_coverageSchema":"1a1c01bbd47fc00a2c39e90264f33305004495a9","hash":"4811fad803dc4fa381cbb92d598d2c8f9845905d"}
}
