TN:
SF:src/createContextHistory.js
FN:1,createContextHistory
FN:6,(anonymous_1)
FN:9,(anonymous_2)
FN:12,(anonymous_3)
FN:17,(anonymous_4)
FNF:5
FNH:1
FNDA:4,createContextHistory
FNDA:0,(anonymous_1)
FNDA:0,(anonymous_2)
FNDA:0,(anonymous_3)
FNDA:0,(anonymous_4)
DA:2,4
DA:3,4
DA:5,4
DA:7,0
DA:10,0
DA:13,0
DA:15,0
DA:18,0
LF:8
LH:3
BRF:0
BRH:0
end_of_record
TN:
SF:src/createObservableContext.js
FN:1,createObservableContext
FN:3,(anonymous_1)
FN:5,(anonymous_2)
FN:14,(anonymous_3)
FNF:4
FNH:1
FNDA:4,createObservableContext
FNDA:0,(anonymous_1)
FNDA:0,(anonymous_2)
FNDA:0,(anonymous_3)
DA:2,4
DA:4,0
DA:5,0
DA:6,0
DA:8,0
DA:11,0
DA:15,0
DA:17,0
DA:20,0
LF:9
LH:1
BRDA:4,0,0,0
BRDA:4,0,1,0
BRF:2
BRH:0
end_of_record
TN:
SF:src/defaults.js
FNF:0
FNH:0
LF:0
LH:0
BRDA:6,0,0,1
BRDA:6,0,1,0
BRF:2
BRH:1
end_of_record
TN:
SF:src/domUtils.js
FN:1,resolveTarget
FN:9,createCanvasHTMLElement
FN:18,getCanvasContext
FN:22,mountCanvasToDOM
FN:27,randomID
FNF:5
FNH:5
FNDA:4,resolveTarget
FNDA:4,createCanvasHTMLElement
FNDA:4,getCanvasContext
FNDA:4,mountCanvasToDOM
FNDA:4,randomID
DA:2,4
DA:3,1
DA:5,3
DA:10,4
DA:12,4
DA:13,4
DA:15,4
DA:19,4
DA:23,4
DA:31,4
LF:10
LH:10
BRDA:2,0,0,1
BRDA:2,0,1,3
BRF:2
BRH:2
end_of_record
TN:
SF:src/index.js
FN:19,createCanvas
FN:33,(anonymous_1)
FN:40,(anonymous_2)
FNF:3
FNH:2
FNDA:4,createCanvas
FNDA:0,(anonymous_1)
FNDA:4,(anonymous_2)
DA:17,1
DA:20,4
DA:21,4
DA:23,4
DA:25,4
DA:27,4
DA:28,4
DA:30,4
DA:31,4
DA:34,0
DA:38,4
DA:40,4
DA:41,4
DA:50,4
DA:51,4
DA:53,4
LF:16
LH:15
BRDA:55,0,0,0
BRDA:55,0,1,4
BRF:2
BRH:1
end_of_record
TN:
SF:src/observeElDimensions.js
FN:4,observeElDimensions
FN:8,(anonymous_1)
FNF:2
FNH:1
FNDA:4,observeElDimensions
FNDA:0,(anonymous_1)
DA:5,4
DA:7,4
DA:9,0
DA:13,0
DA:14,0
DA:16,0
DA:17,0
DA:22,4
LF:8
LH:3
BRDA:13,0,0,0
BRDA:13,0,1,0
BRDA:13,1,0,0
BRDA:13,1,1,0
BRF:4
BRH:0
end_of_record
TN:
SF:src/resizeCanvas.js
FN:5,resizeCanvas
FNF:1
FNH:1
FNDA:4,resizeCanvas
DA:13,4
DA:22,4
DA:29,4
DA:30,0
LF:4
LH:3
BRDA:29,0,0,0
BRDA:29,0,1,4
BRF:2
BRH:1
end_of_record
TN:
SF:src/restoreFromHistory.js
FN:1,restoreFromHistory
FNF:1
FNH:0
FNDA:0,restoreFromHistory
DA:2,0
DA:3,0
DA:4,0
DA:6,0
LF:4
LH:0
BRDA:3,0,0,0
BRDA:3,0,1,0
BRF:2
BRH:0
end_of_record
TN:
SF:src/setCanvasHTMLElementDimensions.js
FN:1,calculateHeightFromAspectRatio
FN:8,setCanvasHTMLElementDimensions
FNF:2
FNH:2
FNDA:4,calculateHeightFromAspectRatio
FNDA:4,setCanvasHTMLElementDimensions
DA:2,4
DA:3,4
DA:5,4
DA:16,4
DA:17,4
DA:19,4
DA:25,4
DA:27,4
DA:28,4
LF:9
LH:9
BRDA:16,0,0,4
BRDA:16,0,1,0
BRDA:17,1,0,0
BRDA:17,1,1,4
BRF:4
BRH:2
end_of_record
TN:
SF:src/styles.js
FN:1,insertAfter
FN:5,createBaseCanvasStyles
FN:19,createCanvasStyleSheet
FNF:3
FNH:3
FNDA:4,insertAfter
FNDA:1,createBaseCanvasStyles
FNDA:4,createCanvasStyleSheet
DA:2,4
DA:6,1
DA:7,1
DA:9,1
DA:11,1
DA:13,1
DA:20,4
DA:21,4
DA:23,4
DA:25,4
DA:27,4
LF:11
LH:11
BRDA:7,0,0,1
BRDA:7,0,1,1
BRF:2
BRH:2
end_of_record
TN:
SF:src/transformContextMatrix.js
FN:1,calculateAspectRatio
FN:23,clipCtx
FN:30,transformContextMatrix
FNF:3
FNH:3
FNDA:4,calculateAspectRatio
FNDA:4,clipCtx
FNDA:4,transformContextMatrix
DA:10,4
DA:11,4
DA:13,0
DA:16,4
DA:24,4
DA:25,4
DA:26,4
DA:27,4
DA:31,4
DA:32,4
DA:37,4
DA:39,4
DA:40,4
DA:42,4
DA:50,4
DA:51,4
DA:53,4
DA:54,4
DA:56,4
DA:58,4
LF:20
LH:19
BRDA:10,0,0,4
BRDA:10,0,1,0
BRF:2
BRH:1
end_of_record
